<?xml version="1.0" encoding="UTF-8"?>
<!-- Generated by org.testng.reporters.JUnitXMLReporter -->
<testsuite ignored="0" hostname="USHYDSNEHADAS2" failures="2" tests="20" name="Test" time="420.927" errors="0" timestamp="2023-02-23T12:04:25 IST">
  <testcase classname="TestMethods.TataLogo" name="verify" time="10.073"/>
  <testcase classname="TestMethods.Images" name="imageVerify" time="5.005"/>
  <testcase classname="TestMethods.DelhiSearchFlight" name="doVerify" time="37.039"/>
  <testcase classname="TestMethods.DelhiSearchFlight" name="doVerify" time="34.667"/>
  <testcase classname="TestMethods.DelhiSearchFlight" name="doVerify" time="34.818"/>
  <testcase classname="TestMethods.DelhiSearchFlight" name="doVerify" time="34.863"/>
  <testcase classname="TestMethods.DelhiSearchFlight" name="doVerify" time="34.467"/>
  <testcase classname="TestMethods.NewYorkFlight" name="doVerify" time="7.995"/>
  <testcase classname="TestMethods.NewYorkFlight" name="doVerify" time="7.994"/>
  <testcase classname="TestMethods.NewYorkFlight" name="doVerify" time="8.87"/>
  <testcase classname="TestMethods.NewYorkFlight" name="doVerify" time="8.317"/>
  <testcase classname="TestMethods.NewYorkFlight" name="doVerify" time="8.558"/>
  <testcase classname="TestMethods.Billing" name="doVerify" time="50.536"/>
  <testcase classname="TestMethods.Hyperlink" name="verify" time="5.141">
    <failure type="java.lang.AssertionError" message="lists don&amp;apos;t have the same size expected [19] but found [20]">
      <![CDATA[java.lang.AssertionError: lists don't have the same size expected [19] but found [20]
at TestMethods.Hyperlink.verify(Hyperlink.java:56)
at java.base/java.util.ArrayList.forEach(ArrayList.java:1511)
... Removed 33 stack frames]]>
    </failure>
  </testcase> <!-- verify -->
  <testcase classname="TestMethods.SocialMedia" name="verify" time="15.242"/>
  <testcase classname="TestMethods.FlyingReturns" name="login" time="16.105"/>
  <testcase classname="TestMethods.FlightSchedule" name="validate" time="30.187">
    <failure type="org.openqa.selenium.NoSuchElementException" message="no such element: Unable to locate element: {&amp;quot;method&amp;quot;:&amp;quot;link text&amp;quot;,&amp;quot;selector&amp;quot;:&amp;quot;15&amp;quot;}
  (Session info: chrome=110.0.5481.104)
For documentation on this error, please visit: https://selenium.dev/exceptions/#no_such_element
Build info: version: &amp;apos;4.8.0&amp;apos;, revision: &amp;apos;267030adea&amp;apos;
System info: os.name: &amp;apos;Windows 10&amp;apos;, os.arch: &amp;apos;amd64&amp;apos;, os.version: &amp;apos;10.0&amp;apos;, java.version: &amp;apos;19.0.1&amp;apos;
Driver info: org.openqa.selenium.chrome.ChromeDriver
Command: [24d6e4131b4d560ef782a58b0de6d789, findElement {using=link text, value=15}]
Capabilities {acceptInsecureCerts: false, browserName: chrome, browserVersion: 110.0.5481.104, chrome: {chromedriverVersion: 110.0.5481.77 (65ed616c6e8e..., userDataDir: C:\Users\snehadas\AppData\L...}, goog:chromeOptions: {debuggerAddress: localhost:50117}, networkConnectionEnabled: false, pageLoadStrategy: normal, platformName: WINDOWS, proxy: Proxy(), se:cdp: ws://localhost:50117/devtoo..., se:cdpVersion: 110.0.5481.104, setWindowRect: true, strictFileInteractability: false, timeouts: {implicit: 0, pageLoad: 300000, script: 30000}, unhandledPromptBehavior: dismiss and notify, webauthn:extension:credBlob: true, webauthn:extension:largeBlob: true, webauthn:virtualAuthenticators: true}
Session ID: 24d6e4131b4d560ef782a58b0de6d789">
      <![CDATA[org.openqa.selenium.NoSuchElementException: no such element: Unable to locate element: {"method":"link text","selector":"15"}
  (Session info: chrome=110.0.5481.104)
For documentation on this error, please visit: https://selenium.dev/exceptions/#no_such_element
Build info: version: '4.8.0', revision: '267030adea'
System info: os.name: 'Windows 10', os.arch: 'amd64', os.version: '10.0', java.version: '19.0.1'
Driver info: org.openqa.selenium.chrome.ChromeDriver
Command: [24d6e4131b4d560ef782a58b0de6d789, findElement {using=link text, value=15}]
Capabilities {acceptInsecureCerts: false, browserName: chrome, browserVersion: 110.0.5481.104, chrome: {chromedriverVersion: 110.0.5481.77 (65ed616c6e8e..., userDataDir: C:\Users\snehadas\AppData\L...}, goog:chromeOptions: {debuggerAddress: localhost:50117}, networkConnectionEnabled: false, pageLoadStrategy: normal, platformName: WINDOWS, proxy: Proxy(), se:cdp: ws://localhost:50117/devtoo..., se:cdpVersion: 110.0.5481.104, setWindowRect: true, strictFileInteractability: false, timeouts: {implicit: 0, pageLoad: 300000, script: 30000}, unhandledPromptBehavior: dismiss and notify, webauthn:extension:credBlob: true, webauthn:extension:largeBlob: true, webauthn:virtualAuthenticators: true}
Session ID: 24d6e4131b4d560ef782a58b0de6d789
at org.openqa.selenium.remote.codec.w3c.W3CHttpResponseCodec.createException(W3CHttpResponseCodec.java:200)
at org.openqa.selenium.remote.codec.w3c.W3CHttpResponseCodec.decode(W3CHttpResponseCodec.java:133)
at org.openqa.selenium.remote.codec.w3c.W3CHttpResponseCodec.decode(W3CHttpResponseCodec.java:53)
at org.openqa.selenium.remote.HttpCommandExecutor.execute(HttpCommandExecutor.java:184)
at org.openqa.selenium.remote.service.DriverCommandExecutor.invokeExecute(DriverCommandExecutor.java:167)
at org.openqa.selenium.remote.service.DriverCommandExecutor.execute(DriverCommandExecutor.java:142)
at org.openqa.selenium.remote.RemoteWebDriver.execute(RemoteWebDriver.java:543)
at org.openqa.selenium.remote.ElementLocation$ElementFinder$2.findElement(ElementLocation.java:162)
at org.openqa.selenium.remote.ElementLocation.findElement(ElementLocation.java:60)
at org.openqa.selenium.remote.RemoteWebDriver.findElement(RemoteWebDriver.java:352)
at org.openqa.selenium.remote.RemoteWebDriver.findElement(RemoteWebDriver.java:344)
at TestMethods.FlightSchedule.validate(FlightSchedule.java:28)
at java.base/java.util.ArrayList.forEach(ArrayList.java:1511)
... Removed 28 stack frames]]>
    </failure>
  </testcase> <!-- validate -->
  <testcase classname="TestMethods.AdditionalDetails" name="verify" time="16.46"/>
  <testcase classname="TestMethods.AskMaharajah" name="verify" time="26.164"/>
  <testcase classname="TestMethods.Feedback" name="doVerify" time="28.353"/>
</testsuite> <!-- Test -->
