<html>
<head>
<title>TestNG:  Test</title>
<link href="../testng.css" rel="stylesheet" type="text/css" />
<link href="../my-testng.css" rel="stylesheet" type="text/css" />

<style type="text/css">
.log { display: none;} 
.stack-trace { display: none;} 
</style>
<script type="text/javascript">
<!--
function flip(e) {
  current = e.style.display;
  if (current == 'block') {
    e.style.display = 'none';
    return 0;
  }
  else {
    e.style.display = 'block';
    return 1;
  }
}

function toggleBox(szDivId, elem, msg1, msg2)
{
  var res = -1;  if (document.getElementById) {
    res = flip(document.getElementById(szDivId));
  }
  else if (document.all) {
    // this is the way old msie versions work
    res = flip(document.all[szDivId]);
  }
  if(elem) {
    if(res == 0) elem.innerHTML = msg1; else elem.innerHTML = msg2;
  }

}

function toggleAllBoxes() {
  if (document.getElementsByTagName) {
    d = document.getElementsByTagName('div');
    for (i = 0; i < d.length; i++) {
      if (d[i].className == 'log') {
        flip(d[i]);
      }
    }
  }
}

// -->
</script>

</head>
<body>
<h2 align='center'>Test</h2><table border='1' align="center">
<tr>
<td>Tests passed/Failed/Skipped:</td><td>18/2/0</td>
</tr><tr>
<td>Started on:</td><td>Thu Feb 23 11:57:24 IST 2023</td>
</tr>
<tr><td>Total time:</td><td>420 seconds (420927 ms)</td>
</tr><tr>
<td>Included groups:</td><td></td>
</tr><tr>
<td>Excluded groups:</td><td></td>
</tr>
</table><p/>
<small><i>(Hover the method name to see the test class name)</i></small><p/>
<table width='100%' border='1' class='invocation-failed'>
<tr><td colspan='4' align='center'><b>FAILED TESTS</b></td></tr>
<tr><td><b>Test method</b></td>
<td><b>Attribute(s)</b></td>
<td width="30%"><b>Exception</b></td>
<td width="10%"><b>Time (seconds)</b></td>
<td><b>Instance</b></td>
</tr>
<tr>
<td title='TestMethods.Hyperlink.verify()'><b>verify</b><br>Test class: TestMethods.Hyperlink</td>
<td><div><pre>java.lang.AssertionError: lists don&apos;t have the same size expected [19] but found [20]
	at TestMethods.Hyperlink.verify(Hyperlink.java:56)
	at java.base/java.util.ArrayList.forEach(ArrayList.java:1511)
... Removed 33 stack frames</pre></div><a href='#' onClick='toggleBox("stack-trace133321775", this, "Click to show all stack frames", "Click to hide stack frames")'>Click to show all stack frames</a>
<div class='stack-trace' id='stack-trace133321775'><pre>java.lang.AssertionError: lists don&apos;t have the same size expected [19] but found [20]
	at org.testng.Assert.fail(Assert.java:110)
	at org.testng.Assert.failNotEquals(Assert.java:1577)
	at org.testng.Assert.assertEqualsImpl(Assert.java:149)
	at org.testng.Assert.assertEquals(Assert.java:131)
	at org.testng.Assert.assertEquals(Assert.java:1418)
	at org.testng.Assert.assertEquals(Assert.java:1382)
	at org.testng.Assert.assertEquals(Assert.java:1629)
	at org.testng.Assert.assertEquals(Assert.java:1605)
	at TestMethods.Hyperlink.verify(Hyperlink.java:56)
	at java.base/jdk.internal.reflect.DirectMethodHandleAccessor.invoke(DirectMethodHandleAccessor.java:104)
	at java.base/java.lang.reflect.Method.invoke(Method.java:578)
	at org.testng.internal.invokers.MethodInvocationHelper.invokeMethod(MethodInvocationHelper.java:139)
	at org.testng.internal.invokers.TestInvoker.invokeMethod(TestInvoker.java:677)
	at org.testng.internal.invokers.TestInvoker.invokeTestMethod(TestInvoker.java:221)
	at org.testng.internal.invokers.MethodRunner.runInSequence(MethodRunner.java:50)
	at org.testng.internal.invokers.TestInvoker$MethodInvocationAgent.invoke(TestInvoker.java:969)
	at org.testng.internal.invokers.TestInvoker.invokeTestMethods(TestInvoker.java:194)
	at org.testng.internal.invokers.TestMethodWorker.invokeTestMethods(TestMethodWorker.java:148)
	at org.testng.internal.invokers.TestMethodWorker.run(TestMethodWorker.java:128)
	at java.base/java.util.ArrayList.forEach(ArrayList.java:1511)
	at org.testng.TestRunner.privateRun(TestRunner.java:829)
	at org.testng.TestRunner.run(TestRunner.java:602)
	at org.testng.SuiteRunner.runTest(SuiteRunner.java:437)
	at org.testng.SuiteRunner.runSequentially(SuiteRunner.java:431)
	at org.testng.SuiteRunner.privateRun(SuiteRunner.java:391)
	at org.testng.SuiteRunner.run(SuiteRunner.java:330)
	at org.testng.SuiteRunnerWorker.runSuite(SuiteRunnerWorker.java:52)
	at org.testng.SuiteRunnerWorker.run(SuiteRunnerWorker.java:95)
	at org.testng.TestNG.runSuitesSequentially(TestNG.java:1256)
	at org.testng.TestNG.runSuitesLocally(TestNG.java:1176)
	at org.testng.TestNG.runSuites(TestNG.java:1099)
	at org.testng.TestNG.run(TestNG.java:1067)
	at org.testng.remote.AbstractRemoteTestNG.run(AbstractRemoteTestNG.java:115)
	at org.testng.remote.RemoteTestNG.initAndRun(RemoteTestNG.java:251)
	at org.testng.remote.RemoteTestNG.main(RemoteTestNG.java:77)
</pre></div></td>
<td>5</td>
<td>TestMethods.Hyperlink@5e0e82ae</td></tr>
<tr>
<td title='TestMethods.FlightSchedule.validate()'><b>validate</b><br>Test class: TestMethods.FlightSchedule</td>
<td><div><pre>org.openqa.selenium.NoSuchElementException: no such element: Unable to locate element: {&quot;method&quot;:&quot;link text&quot;,&quot;selector&quot;:&quot;15&quot;}
  (Session info: chrome=110.0.5481.104)
For documentation on this error, please visit: https://selenium.dev/exceptions/#no_such_element
Build info: version: &apos;4.8.0&apos;, revision: &apos;267030adea&apos;
System info: os.name: &apos;Windows 10&apos;, os.arch: &apos;amd64&apos;, os.version: &apos;10.0&apos;, java.version: &apos;19.0.1&apos;
Driver info: org.openqa.selenium.chrome.ChromeDriver
Command: [24d6e4131b4d560ef782a58b0de6d789, findElement {using=link text, value=15}]
Capabilities {acceptInsecureCerts: false, browserName: chrome, browserVersion: 110.0.5481.104, chrome: {chromedriverVersion: 110.0.5481.77 (65ed616c6e8e..., userDataDir: C:\Users\snehadas\AppData\L...}, goog:chromeOptions: {debuggerAddress: localhost:50117}, networkConnectionEnabled: false, pageLoadStrategy: normal, platformName: WINDOWS, proxy: Proxy(), se:cdp: ws://localhost:50117/devtoo..., se:cdpVersion: 110.0.5481.104, setWindowRect: true, strictFileInteractability: false, timeouts: {implicit: 0, pageLoad: 300000, script: 30000}, unhandledPromptBehavior: dismiss and notify, webauthn:extension:credBlob: true, webauthn:extension:largeBlob: true, webauthn:virtualAuthenticators: true}
Session ID: 24d6e4131b4d560ef782a58b0de6d789
	at org.openqa.selenium.remote.codec.w3c.W3CHttpResponseCodec.createException(W3CHttpResponseCodec.java:200)
	at org.openqa.selenium.remote.codec.w3c.W3CHttpResponseCodec.decode(W3CHttpResponseCodec.java:133)
	at org.openqa.selenium.remote.codec.w3c.W3CHttpResponseCodec.decode(W3CHttpResponseCodec.java:53)
	at org.openqa.selenium.remote.HttpCommandExecutor.execute(HttpCommandExecutor.java:184)
	at org.openqa.selenium.remote.service.DriverCommandExecutor.invokeExecute(DriverCommandExecutor.java:167)
	at org.openqa.selenium.remote.service.DriverCommandExecutor.execute(DriverCommandExecutor.java:142)
	at org.openqa.selenium.remote.RemoteWebDriver.execute(RemoteWebDriver.java:543)
	at org.openqa.selenium.remote.ElementLocation$ElementFinder$2.findElement(ElementLocation.java:162)
	at org.openqa.selenium.remote.ElementLocation.findElement(ElementLocation.java:60)
	at org.openqa.selenium.remote.RemoteWebDriver.findElement(RemoteWebDriver.java:352)
	at org.openqa.selenium.remote.RemoteWebDriver.findElement(RemoteWebDriver.java:344)
	at TestMethods.FlightSchedule.validate(FlightSchedule.java:28)
	at java.base/java.util.ArrayList.forEach(ArrayList.java:1511)
... Removed 28 stack frames</pre></div><a href='#' onClick='toggleBox("stack-trace1792932386", this, "Click to show all stack frames", "Click to hide stack frames")'>Click to show all stack frames</a>
<div class='stack-trace' id='stack-trace1792932386'><pre>org.openqa.selenium.NoSuchElementException: no such element: Unable to locate element: {&quot;method&quot;:&quot;link text&quot;,&quot;selector&quot;:&quot;15&quot;}
  (Session info: chrome=110.0.5481.104)
For documentation on this error, please visit: https://selenium.dev/exceptions/#no_such_element
Build info: version: &apos;4.8.0&apos;, revision: &apos;267030adea&apos;
System info: os.name: &apos;Windows 10&apos;, os.arch: &apos;amd64&apos;, os.version: &apos;10.0&apos;, java.version: &apos;19.0.1&apos;
Driver info: org.openqa.selenium.chrome.ChromeDriver
Command: [24d6e4131b4d560ef782a58b0de6d789, findElement {using=link text, value=15}]
Capabilities {acceptInsecureCerts: false, browserName: chrome, browserVersion: 110.0.5481.104, chrome: {chromedriverVersion: 110.0.5481.77 (65ed616c6e8e..., userDataDir: C:\Users\snehadas\AppData\L...}, goog:chromeOptions: {debuggerAddress: localhost:50117}, networkConnectionEnabled: false, pageLoadStrategy: normal, platformName: WINDOWS, proxy: Proxy(), se:cdp: ws://localhost:50117/devtoo..., se:cdpVersion: 110.0.5481.104, setWindowRect: true, strictFileInteractability: false, timeouts: {implicit: 0, pageLoad: 300000, script: 30000}, unhandledPromptBehavior: dismiss and notify, webauthn:extension:credBlob: true, webauthn:extension:largeBlob: true, webauthn:virtualAuthenticators: true}
Session ID: 24d6e4131b4d560ef782a58b0de6d789
	at java.base/jdk.internal.reflect.DirectConstructorHandleAccessor.newInstance(DirectConstructorHandleAccessor.java:67)
	at java.base/java.lang.reflect.Constructor.newInstanceWithCaller(Constructor.java:500)
	at java.base/java.lang.reflect.Constructor.newInstance(Constructor.java:484)
	at org.openqa.selenium.remote.codec.w3c.W3CHttpResponseCodec.createException(W3CHttpResponseCodec.java:200)
	at org.openqa.selenium.remote.codec.w3c.W3CHttpResponseCodec.decode(W3CHttpResponseCodec.java:133)
	at org.openqa.selenium.remote.codec.w3c.W3CHttpResponseCodec.decode(W3CHttpResponseCodec.java:53)
	at org.openqa.selenium.remote.HttpCommandExecutor.execute(HttpCommandExecutor.java:184)
	at org.openqa.selenium.remote.service.DriverCommandExecutor.invokeExecute(DriverCommandExecutor.java:167)
	at org.openqa.selenium.remote.service.DriverCommandExecutor.execute(DriverCommandExecutor.java:142)
	at org.openqa.selenium.remote.RemoteWebDriver.execute(RemoteWebDriver.java:543)
	at org.openqa.selenium.remote.ElementLocation$ElementFinder$2.findElement(ElementLocation.java:162)
	at org.openqa.selenium.remote.ElementLocation.findElement(ElementLocation.java:60)
	at org.openqa.selenium.remote.RemoteWebDriver.findElement(RemoteWebDriver.java:352)
	at org.openqa.selenium.remote.RemoteWebDriver.findElement(RemoteWebDriver.java:344)
	at TestMethods.FlightSchedule.validate(FlightSchedule.java:28)
	at java.base/jdk.internal.reflect.DirectMethodHandleAccessor.invoke(DirectMethodHandleAccessor.java:104)
	at java.base/java.lang.reflect.Method.invoke(Method.java:578)
	at org.testng.internal.invokers.MethodInvocationHelper.invokeMethod(MethodInvocationHelper.java:139)
	at org.testng.internal.invokers.TestInvoker.invokeMethod(TestInvoker.java:677)
	at org.testng.internal.invokers.TestInvoker.invokeTestMethod(TestInvoker.java:221)
	at org.testng.internal.invokers.MethodRunner.runInSequence(MethodRunner.java:50)
	at org.testng.internal.invokers.TestInvoker$MethodInvocationAgent.invoke(TestInvoker.java:969)
	at org.testng.internal.invokers.TestInvoker.invokeTestMethods(TestInvoker.java:194)
	at org.testng.internal.invokers.TestMethodWorker.invokeTestMethods(TestMethodWorker.java:148)
	at org.testng.internal.invokers.TestMethodWorker.run(TestMethodWorker.java:128)
	at java.base/java.util.ArrayList.forEach(ArrayList.java:1511)
	at org.testng.TestRunner.privateRun(TestRunner.java:829)
	at org.testng.TestRunner.run(TestRunner.java:602)
	at org.testng.SuiteRunner.runTest(SuiteRunner.java:437)
	at org.testng.SuiteRunner.runSequentially(SuiteRunner.java:431)
	at org.testng.SuiteRunner.privateRun(SuiteRunner.java:391)
	at org.testng.SuiteRunner.run(SuiteRunner.java:330)
	at org.testng.SuiteRunnerWorker.runSuite(SuiteRunnerWorker.java:52)
	at org.testng.SuiteRunnerWorker.run(SuiteRunnerWorker.java:95)
	at org.testng.TestNG.runSuitesSequentially(TestNG.java:1256)
	at org.testng.TestNG.runSuitesLocally(TestNG.java:1176)
	at org.testng.TestNG.runSuites(TestNG.java:1099)
	at org.testng.TestNG.run(TestNG.java:1067)
	at org.testng.remote.AbstractRemoteTestNG.run(AbstractRemoteTestNG.java:115)
	at org.testng.remote.RemoteTestNG.initAndRun(RemoteTestNG.java:251)
	at org.testng.remote.RemoteTestNG.main(RemoteTestNG.java:77)
</pre></div></td>
<td>30</td>
<td>TestMethods.FlightSchedule@6b2ea799</td></tr>
</table><p>
<table width='100%' border='1' class='invocation-passed'>
<tr><td colspan='4' align='center'><b>PASSED TESTS</b></td></tr>
<tr><td><b>Test method</b></td>
<td><b>Attribute(s)</b></td>
<td width="30%"><b>Exception</b></td>
<td width="10%"><b>Time (seconds)</b></td>
<td><b>Instance</b></td>
</tr>
<tr>
<td title='TestMethods.FlyingReturns.login()'><b>login</b><br>Test class: TestMethods.FlyingReturns</td>
<td></td>
<td>16</td>
<td>TestMethods.FlyingReturns@51399530</td></tr>
<tr>
<td title='TestMethods.NewYorkFlight.doVerify()'><b>doVerify</b><br>Test class: TestMethods.NewYorkFlight<br>Parameters: [I@3a678e40</td>
<td></td>
<td>7</td>
<td>TestMethods.NewYorkFlight@2d3379b4</td></tr>
<tr>
<td title='TestMethods.NewYorkFlight.doVerify()'><b>doVerify</b><br>Test class: TestMethods.NewYorkFlight<br>Parameters: [I@222dc36c</td>
<td></td>
<td>8</td>
<td>TestMethods.NewYorkFlight@2d3379b4</td></tr>
<tr>
<td title='TestMethods.AdditionalDetails.verify()'><b>verify</b><br>Test class: TestMethods.AdditionalDetails</td>
<td></td>
<td>16</td>
<td>TestMethods.AdditionalDetails@411f53a0</td></tr>
<tr>
<td title='TestMethods.DelhiSearchFlight.doVerify()'><b>doVerify</b><br>Test class: TestMethods.DelhiSearchFlight<br>Parameters: [I@3445ddf2</td>
<td></td>
<td>34</td>
<td>TestMethods.DelhiSearchFlight@618b19ad</td></tr>
<tr>
<td title='TestMethods.NewYorkFlight.doVerify()'><b>doVerify</b><br>Test class: TestMethods.NewYorkFlight<br>Parameters: [I@27b84c9a</td>
<td></td>
<td>7</td>
<td>TestMethods.NewYorkFlight@2d3379b4</td></tr>
<tr>
<td title='TestMethods.DelhiSearchFlight.doVerify()'><b>doVerify</b><br>Test class: TestMethods.DelhiSearchFlight<br>Parameters: [I@21abd3a3</td>
<td></td>
<td>34</td>
<td>TestMethods.DelhiSearchFlight@618b19ad</td></tr>
<tr>
<td title='TestMethods.NewYorkFlight.doVerify()'><b>doVerify</b><br>Test class: TestMethods.NewYorkFlight<br>Parameters: [I@6d514259</td>
<td></td>
<td>8</td>
<td>TestMethods.NewYorkFlight@2d3379b4</td></tr>
<tr>
<td title='TestMethods.SocialMedia.verify()'><b>verify</b><br>Test class: TestMethods.SocialMedia</td>
<td></td>
<td>15</td>
<td>TestMethods.SocialMedia@6771beb3</td></tr>
<tr>
<td title='TestMethods.Feedback.doVerify()'><b>doVerify</b><br>Test class: TestMethods.Feedback</td>
<td></td>
<td>28</td>
<td>TestMethods.Feedback@28701274</td></tr>
<tr>
<td title='TestMethods.DelhiSearchFlight.doVerify()'><b>doVerify</b><br>Test class: TestMethods.DelhiSearchFlight<br>Parameters: [I@77e1b84c</td>
<td></td>
<td>34</td>
<td>TestMethods.DelhiSearchFlight@618b19ad</td></tr>
<tr>
<td title='TestMethods.TataLogo.verify()'><b>verify</b><br>Test class: TestMethods.TataLogo</td>
<td></td>
<td>10</td>
<td>TestMethods.TataLogo@1bb5a082</td></tr>
<tr>
<td title='TestMethods.Images.imageVerify()'><b>imageVerify</b><br>Test class: TestMethods.Images</td>
<td></td>
<td>5</td>
<td>TestMethods.Images@74235045</td></tr>
<tr>
<td title='TestMethods.NewYorkFlight.doVerify()'><b>doVerify</b><br>Test class: TestMethods.NewYorkFlight<br>Parameters: [I@12d8e6b6</td>
<td></td>
<td>8</td>
<td>TestMethods.NewYorkFlight@2d3379b4</td></tr>
<tr>
<td title='TestMethods.Billing.doVerify()'><b>doVerify</b><br>Test class: TestMethods.Billing<br>Parameters: [I@6d911985</td>
<td></td>
<td>50</td>
<td>TestMethods.Billing@30c15d8b</td></tr>
<tr>
<td title='TestMethods.DelhiSearchFlight.doVerify()'><b>doVerify</b><br>Test class: TestMethods.DelhiSearchFlight<br>Parameters: [I@ab5dde4</td>
<td></td>
<td>34</td>
<td>TestMethods.DelhiSearchFlight@618b19ad</td></tr>
<tr>
<td title='TestMethods.DelhiSearchFlight.doVerify()'><b>doVerify</b><br>Test class: TestMethods.DelhiSearchFlight<br>Parameters: [I@706c2726</td>
<td></td>
<td>37</td>
<td>TestMethods.DelhiSearchFlight@618b19ad</td></tr>
<tr>
<td title='TestMethods.AskMaharajah.verify()'><b>verify</b><br>Test class: TestMethods.AskMaharajah</td>
<td></td>
<td>26</td>
<td>TestMethods.AskMaharajah@36fc695d</td></tr>
</table><p>
</body>
</html>